

================================================================
== Synthesis Summary Report of 'nco'
================================================================
+ General Information: 
    * Date:           Mon Jun  1 10:14:39 2026
    * Version:        2025.2.1 (Build 6397637 on Mar 18 2026)
    * Project:        nco
    * Solution:       hls (Vivado IP Flow Target)
    * Product family: zynq
    * Target device:  xc7z010-clg400-1
    

* Performance & Resource Estimates: 
+--------+------+---------------+----------+---------+------+----------+---------+--------+------+--------+----+----------+-----------+-----+
| Modules| Issue|               | Iteration|         | Trip |          |      Latency     |      |        |    |          |           |     |
| & Loops| Type | Violation Type|  Latency | Interval| Count| Pipelined| (cycles)|  (ns)  | Slack|  BRAM  | DSP|    FF    |    LUT    | URAM|
+--------+------+---------------+----------+---------+------+----------+---------+--------+------+--------+----+----------+-----------+-----+
|+ nco   |     -|              -|         -|        2|     -|        no|        1|  10.000|  0.97|  4 (3%)|   -|  98 (~0%)|  141 (~0%)|    -|
+--------+------+---------------+----------+---------+------+----------+---------+--------+------+--------+----+----------+-----------+-----+
    Name Prefix: '+' for module, 'o' for loop, '*' for dataflow


================================================================
== HW Interfaces
================================================================
* S_AXILITE Interfaces
+---------------+------------+---------------+--------+----------+
| Interface     | Data Width | Address Width | Offset | Register |
+---------------+------------+---------------+--------+----------+
| s_axi_control | 32         | 6             | 16     | 0        |
+---------------+------------+---------------+--------+----------+

* S_AXILITE Registers
+---------------+------------------+--------+-------+--------+-------------------------------+----------------------+
| Interface     | Register         | Offset | Width | Access | Description                   | Bit Fields           |
+---------------+------------------+--------+-------+--------+-------------------------------+----------------------+
| s_axi_control | sine_sample      | 0x10   | 32    | R      | Data signal of sine_sample    |                      |
| s_axi_control | sine_sample_ctrl | 0x14   | 32    | R      | Control signal of sine_sample | 0=sine_sample_ap_vld |
| s_axi_control | step_size        | 0x20   | 32    | W      | Data signal of step_size      |                      |
+---------------+------------------+--------+-------+--------+-------------------------------+----------------------+

* TOP LEVEL CONTROL
+-----------+--------------+----------+
| Interface | Type         | Ports    |
+-----------+--------------+----------+
| ap_clk    | clock        | ap_clk   |
| ap_rst_n  | reset        | ap_rst_n |
| ap_ctrl   | ap_ctrl_none |          |
+-----------+--------------+----------+


================================================================
== SW I/O Information
================================================================
* Top Function Arguments
+-------------+-----------+--------------------------------------------------+
| Argument    | Direction | Datatype                                         |
+-------------+-----------+--------------------------------------------------+
| sine_sample | out       | ap_fixed<16, 2, (ap_q_mode)5, (ap_o_mode)3, 0>*  |
| step_size   | in        | ap_ufixed<16, 12, (ap_q_mode)5, (ap_o_mode)3, 0> |
+-------------+-----------+--------------------------------------------------+

* SW-to-HW Mapping
+-------------+---------------+----------+--------------------------------------------+
| Argument    | HW Interface  | HW Type  | HW Info                                    |
+-------------+---------------+----------+--------------------------------------------+
| sine_sample | s_axi_control | register | name=sine_sample offset=0x10 range=32      |
| sine_sample | s_axi_control | register | name=sine_sample_ctrl offset=0x14 range=32 |
| step_size   | s_axi_control | register | name=step_size offset=0x20 range=32        |
+-------------+---------------+----------+--------------------------------------------+


================================================================
== Bind Op Report
================================================================
+----------------------+-----+--------+-----------+-----+--------+---------+
| Name                 | DSP | Pragma | Variable  | Op  | Impl   | Latency |
+----------------------+-----+--------+-----------+-----+--------+---------+
| + nco                | 0   |        |           |     |        |         |
|   add_ln434_fu_77_p2 |     |        | add_ln434 | add | fabric | 0       |
+----------------------+-----+--------+-----------+-----+--------+---------+


================================================================
== Storage Report
================================================================
+-------------------+-----------+-----------+------+------+--------+----------+------+---------+------------------+
| Name              | Usage     | Type      | BRAM | URAM | Pragma | Variable | Impl | Latency | Bitwidth, Depth, |
|                   |           |           |      |      |        |          |      |         | Banks            |
+-------------------+-----------+-----------+------+------+--------+----------+------+---------+------------------+
| + nco             |           |           | 4    | 0    |        |          |      |         |                  |
|   control_s_axi_U | interface | s_axilite |      |      |        |          |      |         |                  |
|   sine_lut_U      | rom_1p    |           | 4    |      |        | sine_lut | auto | 1       | 16, 4096, 1      |
+-------------------+-----------+-----------+------+------+--------+----------+------+---------+------------------+


================================================================
== Pragma Report
================================================================
* Valid Pragma Syntax
+-----------+---------------------------------+-------------------------+
| Type      | Options                         | Location                |
+-----------+---------------------------------+-------------------------+
| INTERFACE | mode=s_axilite port=step_size   | in nco (../nco.cpp:422) |
| INTERFACE | mode=s_axilite port=sine_sample | in nco (../nco.cpp:423) |
| INTERFACE | mode=ap_ctrl_none port=return   | in nco (../nco.cpp:424) |
| INTERFACE | mode=s_axilite port=return      | in nco (../nco.cpp:425) |
+-----------+---------------------------------+-------------------------+


