  **** HLS Build v2025.2.1 6397637
INFO: [HLS 200-2005] Using work_dir D:/Vivado_Project/hls_nco/hls_nco/nco 
INFO: [HLS 200-2176] Writing Vitis IDE component file D:/Vivado_Project/hls_nco/hls_nco/nco/vitis-comp.json
INFO: [HLS 200-10] Creating and opening component 'D:/Vivado_Project/hls_nco/hls_nco/nco'.
INFO: [HLS 200-1505] Using default flow_target 'vivado'
Resolution: For help on HLS 200-1505 see docs.amd.com/access/sources/dita/topic?Doc_Version=2025.2%20English&url=ug1448-hls-guidance&resourceid=200-1505.html
INFO: [HLS 200-2174] Applying component config ini file hls_config.cfg
INFO: [HLS 200-1465] Applying config ini 'syn.file=../nco.cpp' from hls_config.cfg(8)
INFO: [HLS 200-10] Adding design file 'D:/Vivado_Project/hls_nco/nco.cpp' to the project
INFO: [HLS 200-1465] Applying config ini 'tb.file=../nco_tb.cpp' from hls_config.cfg(9)
INFO: [HLS 200-10] Adding test bench file 'D:/Vivado_Project/hls_nco/nco_tb.cpp' to the project
INFO: [HLS 200-1465] Applying config ini 'syn.top=nco' from hls_config.cfg(7)
INFO: [HLS 200-1465] Applying config ini 'flow_target=vivado' from hls_config.cfg(4)
INFO: [HLS 200-1505] Using flow_target 'vivado'
Resolution: For help on HLS 200-1505 see docs.amd.com/access/sources/dita/topic?Doc_Version=2025.2%20English&url=ug1448-hls-guidance&resourceid=200-1505.html
INFO: [HLS 200-1465] Applying config ini 'part=xc7z010clg400-1' from hls_config.cfg(1)
INFO: [HLS 200-1611] Setting target device to 'xc7z010-clg400-1'
INFO: [HLS 200-1465] Applying config ini 'package.output.format=ip_catalog' from hls_config.cfg(5)
INFO: [HLS 200-2176] Writing Vitis IDE component file D:/Vivado_Project/hls_nco/hls_nco/nco/vitis-comp.json
INFO: [SIM 211-2] *************** CSIM start ***************
INFO: [HLS 200-2191] C-Simulation will use clang-16 as the compiler
INFO: [HLS 200-2036] Building debug C Simulation binaries
   Compiling ../../../../../nco_tb.cpp in debug mode
   Generating csim.exe
In file included from ../../../../../nco_tb.cpp:6:
In file included from D:/Downloads/Vivado/2025.2.1/Vitis/include\ap_fixed.h:9:
In file included from D:/Downloads/Vivado/2025.2.1/Vitis/include\etc/ap_common.h:668:
In file included from D:/Downloads/Vivado/2025.2.1/Vitis/include\etc/ap_private.h:68:
In file included from D:/Downloads/Vivado/2025.2.1/Vitis/include\hls_half.h:26:
In file included from D:/Downloads/Vivado/2025.2.1/Vitis/include/etc/hls_half_fpo.h:19:
In file included from D:/Downloads/Vivado/2025.2.1/Vitis/include\hls_fpo.h:140:
In file included from D:/Downloads/Vivado/2025.2.1/Vitis/include/floating_point_v7_1_bitacc_cmodel.h:150:
D:/Downloads/Vivado/2025.2.1/Vitis/include\gmp.h:58:9: warning: '__GMP_LIBGMP_DLL' macro redefined [-Wmacro-redefined]
#define __GMP_LIBGMP_DLL  0
        ^
D:/Downloads/Vivado/2025.2.1/Vitis/include/floating_point_v7_1_bitacc_cmodel.h:142:9: note: previous definition is here
#define __GMP_LIBGMP_DLL 1
        ^
../../../../../nco_tb.cpp:27:18: warning: ISO C++11 does not allow conversion from string literal to 'char *' [-Wwritable-strings]
        char *outfile = "D:\\Documents\\Hoc_hanh\\HW_SW\\Lab4c\\nco_sine.m";
                        ^
2 warnings generated.
File open for writing.
Sample output to file complete.
INFO: [SIM 211-1] CSim done with 0 errors.
INFO: [SIM 211-3] *************** CSIM finish ***************
INFO: [HLS 200-112] Total CPU user time: 1 seconds. Total CPU system time: 1 seconds. Total elapsed time: 5.146 seconds; peak allocated memory: 164.414 MB.
INFO: [vitis-run 60-791] Total elapsed time: 0h 0m 8s
