  **** HLS Build v2025.2.1 6397637
INFO: [HLS 200-2005] Using work_dir D:/Vivado_Project/hls_nco/hls_nco/nco 
INFO: [HLS 200-2176] Writing Vitis IDE component file D:/Vivado_Project/hls_nco/hls_nco/nco/vitis-comp.json
INFO: [HLS 200-10] Creating and opening component 'D:/Vivado_Project/hls_nco/hls_nco/nco'.
INFO: [HLS 200-1505] Using default flow_target 'vivado'
Resolution: For help on HLS 200-1505 see docs.amd.com/access/sources/dita/topic?Doc_Version=2025.2%20English&url=ug1448-hls-guidance&resourceid=200-1505.html
INFO: [HLS 200-2174] Applying component config ini file hls_config.cfg
INFO: [HLS 200-1465] Applying config ini 'syn.file=../nco.cpp' from hls_config.cfg(8)
INFO: [HLS 200-10] Adding design file 'D:/Vivado_Project/hls_nco/nco.cpp' to the project
INFO: [HLS 200-1465] Applying config ini 'tb.file=../nco_tb.cpp' from hls_config.cfg(9)
INFO: [HLS 200-10] Adding test bench file 'D:/Vivado_Project/hls_nco/nco_tb.cpp' to the project
INFO: [HLS 200-1465] Applying config ini 'syn.top=nco' from hls_config.cfg(7)
INFO: [HLS 200-1465] Applying config ini 'flow_target=vivado' from hls_config.cfg(4)
INFO: [HLS 200-1505] Using flow_target 'vivado'
Resolution: For help on HLS 200-1505 see docs.amd.com/access/sources/dita/topic?Doc_Version=2025.2%20English&url=ug1448-hls-guidance&resourceid=200-1505.html
INFO: [HLS 200-1465] Applying config ini 'part=xc7z010clg400-1' from hls_config.cfg(1)
INFO: [HLS 200-1611] Setting target device to 'xc7z010-clg400-1'
INFO: [HLS 200-1465] Applying config ini 'package.output.format=ip_catalog' from hls_config.cfg(5)
INFO: [HLS 200-2176] Writing Vitis IDE component file D:/Vivado_Project/hls_nco/hls_nco/nco/vitis-comp.json
INFO: [SIM 211-2] *************** CSIM start ***************
INFO: [HLS 200-2191] C-Simulation will use clang-16 as the compiler
INFO: [HLS 200-2036] Building debug C Simulation binaries
mingw32-make: 'csim.exe' is up to date.
File open for writing.
Sample output to file complete.
INFO: [SIM 211-1] CSim done with 0 errors.
INFO: [SIM 211-3] *************** CSIM finish ***************
INFO: [HLS 200-112] Total CPU user time: 1 seconds. Total CPU system time: 1 seconds. Total elapsed time: 1.688 seconds; peak allocated memory: 165.176 MB.
INFO: [vitis-run 60-791] Total elapsed time: 0h 0m 5s
