# 
# Steps log generated by v++
# This log file contains a collection of steps that describe the kernel compilation flow
# Note: Some steps are tagged as internal, these steps are for debugging purposes and 
#       are not expected to be able to run independently.
# 

# The following environment variables are set when running vitis-run
Environment variables :
------------------------------------------
ACSetupSvcPort=23210
ALLUSERSPROFILE=C:\ProgramData
APPDATA=C:\Users\he1ix\AppData\Roaming
arr.length=0
arr.Ubound=-1
CHARPOP=1
CMAKE_OBJECT_PATH_MAX=4096
CommonProgramFiles=C:\Program Files\Common Files
CommonProgramFiles(x86)=C:\Program Files (x86)\Common Files
CommonProgramW6432=C:\Program Files\Common Files
COMPUTERNAME=LAPTOP-EQCLE5J0
ComSpec=C:\Windows\system32\cmd.exe
DriverData=C:\Windows\System32\Drivers\DriverData
EFC_14620_1262719628=1
EFC_14620_1592913036=1
EFC_14620_2283032206=1
EFC_14620_2775293581=1
EFC_14620_2946480783=1
EFC_14620_344590478=1
EFC_14620_3789132940=1
EFC_14620_4126798990=1
EnableLog=INFO
FPS_BROWSER_APP_PROFILE_STRING=Internet Explorer
FPS_BROWSER_USER_PROFILE_STRING=Default
HDI_APPROOT=D:/Downloads/Vivado/2025.2.1/Vitis
HDI_PROCESSOR=i686
HOMEDRIVE=C:
HOMEPATH=\Users\he1ix
HW_SERVER_DJTG_DISABLE=1
HW_SERVER_FTDIMGR_DISABLE=1
IDE_SKIP_SERVER_LICENSE=1
INT_VARIABLE_NAME=XILINX_PATH
ISL_IOSTREAMS_RSA=D:/Downloads/Vivado/2025.2.1/Vitis/tps/isl
JAVA_EXE=D:/Downloads/Vivado/2025.2.1/Vitis\tps\win64\jre21.0.5_11\bin\java.exe
JAVA_HOME=D:/Downloads/Vivado/2025.2.1/Vitis\tps\win64\jre21.0.5_11
LC_NUMERIC=C
LOCALAPPDATA=C:\Users\he1ix\AppData\Local
LOGONSERVER=\\LAPTOP-EQCLE5J0
LOPPER_DTC_FLAGS=-b 0 -@
NOSPLASH=false
NUMBER_OF_PROCESSORS=16
OneDrive=C:\Users\he1ix\OneDrive
ORIGINAL_XDG_CURRENT_DESKTOP=undefined
OS=Windows_NT
PATH=D:/Downloads/Vivado/2025.2.1/Vivado/tps/win64/binutils-2.26/bin;D:/Downloads/Vivado/2025.2.1/Vitis/bin/../gnu/aarch64/nt/aarch64-linux/bin;D:/Downloads/Vivado/2025.2.1/Vitis/bin/../gnu/ppc64le/4.9.3/win64/bin;D:/Downloads/Vivado/2025.2.1/Vitis/bin/../gnu/aarch32/nt/gcc-arm-linux-gnueabi/bin;D:/Downloads/Vivado/2025.2.1/Vitis/tps/mingw/6.2.0/win64.o/nt/bin;D:/Downloads/Vivado/2025.2.1/Vivado\gnuwin\bin;D:/Downloads/Vivado/2025.2.1/Vivado\gnu\microblaze\nt\bin;D:/Downloads/Vivado/2025.2.1/Vitis/bin;D:/Downloads/Vivado/2025.2.1/Vitis\tps\win64;D:/Downloads/Vivado/2025.2.1/Vitis/tps/win64/java-cef-95.0.4638.69/bin/lib/win64;D:/Downloads/Vivado/2025.2.1/Vitis/lib/win64.o;D:/Downloads/Vivado/2025.2.1/Vitis/tps/win64/jre11.0.16_1/bin/server;D:/Downloads/Vivado/2025.2.1/Vitis/tps/win64/jre11.0.16_1/bin;D:/Downloads/Vivado/2025.2.1/Vitis\tps\win64\cmake-3.24.2\bin;D:/Downloads/Vivado/2025.2.1/Vitis\gnu\microblaze\nt\bin;D:/Downloads/Vivado/2025.2.1/Vitis\gnu\microblaze\linux_toolchain\nt64_le\bin;D:/Downloads/Vivado/2025.2.1/Vitis\gnu\aarch32\nt\gcc-arm-linux-gnueabi\bin;D:/Downloads/Vivado/2025.2.1/Vitis\gnu\aarch32\nt\gcc-arm-none-eabi\bin;D:/Downloads/Vivado/2025.2.1/Vitis\gnu\aarch64\nt\aarch64-linux\bin;D:/Downloads/Vivado/2025.2.1/Vitis\gnu\aarch64\nt\aarch64-none\bin;D:/Downloads/Vivado/2025.2.1/Vitis\gnu\armr5\nt\gcc-arm-none-eabi\bin;D:/Downloads/Vivado/2025.2.1/Vitis\gnuwin\bin;D:/Downloads/Vivado/2025.2.1/Vitis\tps\win64\python-3.13.0;D:/Downloads/Vivado/2025.2.1/Vitis\tps\win64\jre21.0.5_11\bin;D:/Downloads/Vivado/2025.2.1/Vitis\tps\win64\libxslt\bin;D:/Downloads/Vivado/2025.2.1/Vitis\gnu\arm\nt\bin;D:/Downloads/Vivado/2025.2.1/Vitis\gnu\microblaze\linux_toolchain\nt64_be\bin;D:/Downloads/Vivado/2025.2.1/Vitis\gnu\riscv\nt\bin;D:/Downloads/Vivado/2025.2.1/Vitis\gnu\riscv\linux_toolchain\nt64\bin;D:/Downloads/Vivado/2025.2.1/Vitis\gnu\riscv\linux_toolchain\nt32\bin;D:/Downloads/Vivado/2025.2.1/Vivado\tps\win64\python-3.13.0;D:/Downloads/Vivado/2025.2.1/Vivado\tps\win64\git-2.50.0\bin;D:/Downloads/Vivado/2025.2.1/Vivado\tps\win64\cmake-3.24.2\bin;D:/Downloads/Vivado/2025.2.1/Vitis/win64/tools/vcxx\libexec;D:/Downloads/Vivado/2025.2.1/Vivado\tps\win64\jre21.0.5_11\bin;D:/Downloads/Vivado/2025.2.1/Vivado\tps\win64\libxslt/bin;C:\Program Files (x86)\Razer Chroma SDK\bin;C:\Program Files\Razer Chroma SDK\bin;C:\Program Files (x86)\Common Files\Oracle\Java\javapath;C:\Windows\system32;C:\Windows;C:\Windows\System32\Wbem;C:\Windows\System32\WindowsPowerShell\v1.0\;C:\Windows\System32\OpenSSH\;C:\Program Files (x86)\NVIDIA Corporation\PhysX\Common;C:\Program Files\NVIDIA Corporation\NVIDIA App\NvDLISR;C:\Program Files\dotnet\;D:\Downloads\App\Soundswitch\Mainsave\SoundSwitch;C:\Program Files\Cloudflare\Cloudflare WARP\;D:\Downloads\App\MATLAB\Mainsave\runtime\win64;D:\Downloads\App\MATLAB\Mainsave\bin;C:\Program Files\Git\cmd;C:\Windows\system32\config\systemprofile\AppData\Local\Microsoft\WindowsApps;C:\Program Files (x86)\Razer\ChromaBroadcast\bin;C:\Program Files\Razer\ChromaBroadcast\bin;C:\Users\he1ix\AppData\Local\Programs\Python\Python312\Scripts\;C:\Users\he1ix\AppData\Local\Programs\Python\Python312\;C:\Users\he1ix\AppData\Local\Programs\Python\Launcher\;C:\Users\he1ix\AppData\Local\Programs\Python\Python314;C:\Users\he1ix\AppData\Local\Programs\Python\Python314\Scripts;C:\Users\he1ix\AppData\Local\Microsoft\WindowsApps;D:\Downloads\App\VSCode\Mainsave\Microsoft VS Code\bin;C:\msys64\ucrt64\bin;C:\Users\he1ix\AppData\Local\PowerToys\DSCModules\;D:/Downloads/Vivado/2025.2.1/Vitis\tps\mingw\6.2.0\win64.o\nt\bin;D:/Downloads/Vivado/2025.2.1/Vitis\tps\mingw\6.2.0\win64.o\nt\libexec\gcc\x86_64-w64-mingw32\6.2.0
PATHEXT=.COM;.EXE;.BAT;.CMD;.VBS;.VBE;.JS;.JSE;.WSF;.WSH;.MSC
PROCESSOR_ARCHITECTURE=AMD64
PROCESSOR_IDENTIFIER=AMD64 Family 26 Model 96 Stepping 0, AuthenticAMD
PROCESSOR_LEVEL=26
PROCESSOR_REVISION=6000
PRODVERSION_EXE=D:/Downloads/Vivado/2025.2.1/Vitis/bin/unwrapped/win64.o/prodversion.exe
ProgramData=C:\ProgramData
ProgramFiles=C:\Program Files
ProgramFiles(x86)=C:\Program Files (x86)
ProgramW6432=C:\Program Files
PROMPT=$P$G
PSModulePath=C:\Program Files\WindowsPowerShell\Modules;C:\Windows\system32\WindowsPowerShell\v1.0\Modules
PUBLIC=C:\Users\Public
PYTHONPATH=D:/Downloads/Vivado/2025.2.1/Vitis\cli;D:/Downloads/Vivado/2025.2.1/Vitis\cli\python-packages\win64;D:/Downloads/Vivado/2025.2.1/Vitis\cli\python-packages\site-packages;D:/Downloads/Vivado/2025.2.1/Vitis\cli\proto;D:/Downloads/Vivado/2025.2.1/Vitis\scripts\python_pkg;
python_path=D:/Downloads/Vivado/2025.2.1/Vitis\cli;D:/Downloads/Vivado/2025.2.1/Vitis\cli\python-packages\win64;D:/Downloads/Vivado/2025.2.1/Vitis\cli\python-packages\site-packages;D:/Downloads/Vivado/2025.2.1/Vitis\cli\proto;D:/Downloads/Vivado/2025.2.1/Vitis\scripts\python_pkg;
RDI_APPROOT=D:/Downloads/Vivado/2025.2.1/Vitis
RDI_ARGS= --mode hls --csim --config D:\Vivado_Project\hls_nco\hls_nco\hls_config.cfg --work_dir nco
RDI_ARGS_FUNCTION=RDI_EXEC_DEFAULT
RDI_BASEROOT=D:/Downloads/Vivado/2025.2.1
RDI_BINDIR=D:/Downloads/Vivado/2025.2.1/Vitis/bin
RDI_BINROOT=D:/Downloads/Vivado/2025.2.1/Vitis/bin
RDI_BUILD=yes
RDI_CHECK_PROG=True
RDI_DATADIR=D:/Downloads/Vivado/2025.2.1/Vitis/data
RDI_INSTALLROOT=D:/Downloads/Vivado
RDI_INSTALLVER=Vitis
RDI_INSTALLVERSION=2025.2.1
RDI_JAVACEFROOT=D:/Downloads/Vivado/2025.2.1/Vitis/tps/win64/java-cef-95.0.4638.69
RDI_JAVAFXROOT=D:/Downloads/Vivado/2025.2.1/Vitis/tps/win64/javafx-sdk-11.0.2
RDI_JAVAROOT=D:/Downloads/Vivado/2025.2.1/Vitis/tps/win64/jre11.0.16_1
RDI_JAVA_VERSION=11.0.16_1
RDI_LIBDIR=D:/Downloads/Vivado/2025.2.1/Vitis/lib/win64.o
RDI_MINGW_LIB=D:/Downloads/Vivado/2025.2.1/Vitis\tps\mingw\6.2.0\win64.o\nt\bin;D:/Downloads/Vivado/2025.2.1/Vitis\tps\mingw\6.2.0\win64.o\nt\libexec\gcc\x86_64-w64-mingw32\6.2.0
RDI_OPT_EXT=.o
RDI_OS_ARCH=64
RDI_PLATFORM=win64
RDI_PREPEND_PATH=D:/Downloads/Vivado/2025.2.1/Vitis/bin
RDI_PROG=D:/Downloads/Vivado/2025.2.1/Vitis/bin/unwrapped/win64.o/vitis-run.exe
RDI_PROGNAME=vitis-run.exe
RDI_SESSION_INFO=D:\Downloads\Vivado\2025.2.1\Vitis\bin:LAPTOP-EQCLE5J0-Mon06-01-2026_9-24-58.82
RDI_SHARED_DATA=D:/Downloads/Vivado/SharedData/2025.2.1/data
RDI_TEMPINSTALL=D:\Downloads\Vivado\2025.2.1
RDI_TPS_ROOT=D:/Downloads/Vivado/2025.2.1/Vivado/tps/win64
RDI_USE_JDK11=1
RDI_VERBOSE=False
RlsSvcPort=22112
RT_LIBPATH=D:/Downloads/Vivado/2025.2.1/Vitis/scripts/rt/data
RT_TCL_PATH=D:/Downloads/Vivado/2025.2.1/Vitis/scripts/rt/base_tcl/tcl
SESSIONNAME=Console
session_string=D:\Vivado_Project\hls_nco\hls_nco:LAPTOP-EQCLE5J0-Mon06-01-2026_9-42-13.30
supports_classic_ide=false
SYNTH_COMMON=D:/Downloads/Vivado/2025.2.1/Vitis/scripts/rt/data
SystemDrive=C:
SystemRoot=C:\Windows
TCL_LIBRARY=D:/Downloads/Vivado/2025.2.1/Vitis/tps/tcl/tcl8.6
TCMALLOC_LARGE_ALLOC_REPORT_THRESHOLD=4294967296
TEMP=C:\Users\he1ix\AppData\Local\Temp
THEIA_APP_PROJECT_PATH=D:\Downloads\Vivado\2025.2.1\Vitis\ide\electron-app\win64\resources\app
THEIA_DEFAULT_PLUGINS=local-dir:D:\Downloads\Vivado\2025.2.1\Vitis\ide\electron-app\win64\resources\app\plugins
THEIA_ELECTRON_TOKEN={"value":"ae57f2a7-6972-4e1d-b0a9-ad2b8c84e2a7"}
THEIA_ELECTRON_VERSION=30.1.2
THEIA_PLUGINS=local-dir:C:\Users\he1ix\.theia\plugins
TMP=C:\Users\he1ix\AppData\Local\Temp
tooldir=tps\win64\git-2.50.0
TOOLS_CLANGD=D:/Downloads/Vivado/2025.2.1/Vitis/win64/tools/vcxx\libexec
TPS_CMAKE=D:/Downloads/Vivado/2025.2.1/Vivado\tps\win64\cmake-3.24.2
TPS_GIT=D:/Downloads/Vivado/2025.2.1/Vivado\tps\win64\git-2.50.0
TPS_LIBXSLT=D:/Downloads/Vivado/2025.2.1/Vivado\tps\win64\libxslt
TPS_PYTHON=D:/Downloads/Vivado/2025.2.1/Vivado\tps\win64\python-3.13.0
USERDOMAIN=LAPTOP-EQCLE5J0
USERDOMAIN_ROAMINGPROFILE=LAPTOP-EQCLE5J0
USERNAME=he1ix
USERPROFILE=C:\Users\he1ix
VALIDATE_ARGS="False"
VITISNEW=true
VITIS_EMBEDDED_INSTALL=true
VITIS_HLS_INSTALL=true
VSCODE_API_VERSION=1.99.3
windir=C:\Windows
XILINX_HLS=D:/Downloads/Vivado/2025.2.1/Vitis
XILINX_PLANAHEAD=D:/Downloads/Vivado/2025.2.1/Vitis
XILINX_SDK=D:/Downloads/Vivado/2025.2.1/Vitis
XILINX_VCXX=D:/Downloads/Vivado/2025.2.1/Vitis/win64/tools/vcxx
XILINX_VERSION_DEFAULT=2025.2.1
XILINX_VERSION_VITIS=2025.2.1
XILINX_VITIS=D:/Downloads/Vivado/2025.2.1/Vitis
XILINX_VITIS_GIT=D:/Downloads/Vivado/2025.2.1/Vivado\tps\win64\git-2.50.0\bin
XILINX_VITIS_VERSION=Vitis v2025.2.1 (64-bit)
XILINX_VIVADO=D:/Downloads/Vivado/2025.2.1/Vivado
XIL_CHECK_TCL_DEBUG=False
XIL_NO_OVERRIDE=0
XIL_SUPPRESS_OVERRIDE_WARNINGS=1
XVREDIST=D:/Downloads/Vivado/2025.2.1/Vitis\tps\win64\xvcredist.exe
_RDI_BINROOT=D:\Downloads\Vivado\2025.2.1\Vitis\bin
_RDI_CWD=D:\Vivado_Project\hls_nco\hls_nco
_RDI_DONT_SET_XILINX_AS_PATH=True
_RDI_VERSION_PROG=vitis-run
_valid=False
XILINX_CD_CONNECT_ID=62821
XILINX_CD_SESSION=219a3046-4005-430c-96ad-21f07829ff67


VITIS-RUN command line:
------------------------------------------
D:/Downloads/Vivado/2025.2.1/Vitis/bin/unwrapped/win64.o/vitis-run.exe --mode hls --csim --config D:\Vivado_Project\hls_nco\hls_nco\hls_config.cfg --work_dir nco 

FINAL PROGRAM OPTIONS
--config D:\Vivado_Project\hls_nco\hls_nco\hls_config.cfg
--csim
--hls.flow_target vivado
--hls.package.output.format ip_catalog
--hls.package.output.syn false
--hls.syn.file ../nco.cpp
--hls.syn.top nco
--hls.tb.file ../nco_tb.cpp
--mode hls
--part xc7z010clg400-1
--work_dir nco

PARSED COMMAND LINE OPTIONS
--mode hls 
--csim 
--config D:\Vivado_Project\hls_nco\hls_nco\hls_config.cfg 
--work_dir nco 

PARSED CONFIG FILE (1) OPTIONS
file: D:\Vivado_Project\hls_nco\hls_nco\hls_config.cfg
part xc7z010clg400-1 
hls.flow_target vivado 
hls.package.output.format ip_catalog 
hls.package.output.syn false 
hls.syn.top nco 
hls.syn.file ../nco.cpp 
hls.tb.file ../nco_tb.cpp 


==========================================
new:  steps log generated by v++ for new launch 
timestamp: 01 Jun 2026 09:42:23

------------------------------------------
VITIS-RUN command line :
------------------------------------------
D:/Downloads/Vivado/2025.2.1/Vitis/bin/unwrapped/win64.o/vitis-run.exe --mode hls --csim --config D:\Vivado_Project\hls_nco\hls_nco\hls_config.cfg --work_dir nco 
  Options from -O    : 
  Options from *.ini : 
  Options from Hw Platform : 

==========================================
new:  steps log generated by v++ for new launch 
timestamp: 01 Jun 2026 09:47:37

------------------------------------------
VITIS-RUN command line :
------------------------------------------
D:/Downloads/Vivado/2025.2.1/Vitis/bin/unwrapped/win64.o/vitis-run.exe --mode hls --csim --config D:\Vivado_Project\hls_nco\hls_nco\hls_config.cfg --work_dir nco 
  Options from -O    : 
  Options from *.ini : 
  Options from Hw Platform : 

==========================================
new:  steps log generated by v++ for new launch 
timestamp: 01 Jun 2026 10:02:08

------------------------------------------
V++ command line :
------------------------------------------
D:/Downloads/Vivado/2025.2.1/Vitis/bin/unwrapped/win64.o/v++.exe -c --mode hls --config D:\Vivado_Project\hls_nco\hls_nco\hls_config.cfg --work_dir nco 
  Options from -O    : 
  Options from *.ini : 
  Options from Hw Platform : 

==========================================
new:  steps log generated by v++ for new launch 
timestamp: 01 Jun 2026 10:03:00

------------------------------------------
VITIS-RUN command line :
------------------------------------------
D:/Downloads/Vivado/2025.2.1/Vitis/bin/unwrapped/win64.o/vitis-run.exe --mode hls --csim --config D:\Vivado_Project\hls_nco\hls_nco\hls_config.cfg --work_dir nco 
  Options from -O    : 
  Options from *.ini : 
  Options from Hw Platform : 

==========================================
new:  steps log generated by v++ for new launch 
timestamp: 01 Jun 2026 10:04:43

------------------------------------------
VITIS-RUN command line :
------------------------------------------
D:/Downloads/Vivado/2025.2.1/Vitis/bin/unwrapped/win64.o/vitis-run.exe --mode hls --csim --config D:\Vivado_Project\hls_nco\hls_nco\hls_config.cfg --work_dir nco 
  Options from -O    : 
  Options from *.ini : 
  Options from Hw Platform : 

==========================================
new:  steps log generated by v++ for new launch 
timestamp: 01 Jun 2026 10:07:23

------------------------------------------
V++ command line :
------------------------------------------
D:/Downloads/Vivado/2025.2.1/Vitis/bin/unwrapped/win64.o/v++.exe -c --mode hls --config D:\Vivado_Project\hls_nco\hls_nco\hls_config.cfg --work_dir nco 
  Options from -O    : 
  Options from *.ini : 
  Options from Hw Platform : 

==========================================
new:  steps log generated by v++ for new launch 
timestamp: 01 Jun 2026 10:14:21

------------------------------------------
VITIS-RUN command line :
------------------------------------------
D:/Downloads/Vivado/2025.2.1/Vitis/bin/unwrapped/win64.o/vitis-run.exe --mode hls --package --config D:\Vivado_Project\hls_nco\hls_nco\hls_config.cfg --work_dir nco 
  Options from -O    : 
  Options from *.ini : 
  Options from Hw Platform : 

==========================================
new:  steps log generated by v++ for new launch 
timestamp: 01 Jun 2026 10:20:55

------------------------------------------
VITIS-RUN command line :
------------------------------------------
D:/Downloads/Vivado/2025.2.1/Vitis/bin/unwrapped/win64.o/vitis-run.exe --mode hls --csim --config D:\Vivado_Project\hls_nco\hls_nco\hls_config.cfg --work_dir nco 
  Options from -O    : 
  Options from *.ini : 
  Options from Hw Platform : 

==========================================
new:  steps log generated by v++ for new launch 
timestamp: 02 Jun 2026 23:01:08
