

================================================================
== Vitis HLS Report for 'nco'
================================================================
* Date:           Mon Jun  1 10:14:39 2026

* Version:        2025.2.1 (Build 6397637 on Mar 18 2026)
* Project:        nco
* Solution:       hls (Vivado IP Flow Target)
* Product family: zynq
* Target device:  xc7z010-clg400-1


================================================================
== Performance Estimates
================================================================
+ Timing: 
    * Summary: 
    +--------+----------+----------+------------+
    |  Clock |  Target  | Estimated| Uncertainty|
    +--------+----------+----------+------------+
    |ap_clk  |  10.00 ns|  6.331 ns|     2.70 ns|
    +--------+----------+----------+------------+

+ Latency: 
    * Summary: 
    +---------+---------+-----------+-----------+-----+-----+---------+
    |  Latency (cycles) |   Latency (absolute)  |  Interval | Pipeline|
    |   min   |   max   |    min    |    max    | min | max |   Type  |
    +---------+---------+-----------+-----------+-----+-----+---------+
    |        1|        1|  10.000 ns|  10.000 ns|    2|    2|       no|
    +---------+---------+-----------+-----------+-----+-----+---------+

    + Detail: 
        * Instance: 
        N/A

        * Loop: 
        N/A



================================================================
== Utilization Estimates
================================================================
* Summary: 
+-----------------+---------+----+-------+-------+-----+
|       Name      | BRAM_18K| DSP|   FF  |  LUT  | URAM|
+-----------------+---------+----+-------+-------+-----+
|DSP              |        -|   -|      -|      -|    -|
|Expression       |        -|   -|      0|     23|    -|
|FIFO             |        -|   -|      -|      -|    -|
|Instance         |        0|   -|     80|    104|    -|
|Memory           |        4|   -|      0|      0|    -|
|Multiplexer      |        -|   -|      0|     14|    -|
|Register         |        -|   -|     18|      -|    -|
+-----------------+---------+----+-------+-------+-----+
|Total            |        4|   0|     98|    141|    0|
+-----------------+---------+----+-------+-------+-----+
|Available        |      120|  80|  35200|  17600|    0|
+-----------------+---------+----+-------+-------+-----+
|Utilization (%)  |        3|   0|     ~0|     ~0|    0|
+-----------------+---------+----+-------+-------+-----+

+ Detail: 
    * Instance: 
    +-----------------+---------------+---------+----+----+-----+-----+
    |     Instance    |     Module    | BRAM_18K| DSP| FF | LUT | URAM|
    +-----------------+---------------+---------+----+----+-----+-----+
    |control_s_axi_U  |control_s_axi  |        0|   0|  80|  104|    0|
    +-----------------+---------------+---------+----+----+-----+-----+
    |Total            |               |        0|   0|  80|  104|    0|
    +-----------------+---------------+---------+----+----+-----+-----+

    * DSP: 
    N/A

    * Memory: 
    +------------+----------------------+---------+---+----+-----+------+-----+------+-------------+
    |   Memory   |        Module        | BRAM_18K| FF| LUT| URAM| Words| Bits| Banks| W*Bits*Banks|
    +------------+----------------------+---------+---+----+-----+------+-----+------+-------------+
    |sine_lut_U  |sine_lut_ROM_AUTO_1R  |        4|  0|   0|    0|  4096|   16|     1|        65536|
    +------------+----------------------+---------+---+----+-----+------+-----+------+-------------+
    |Total       |                      |        4|  0|   0|    0|  4096|   16|     1|        65536|
    +------------+----------------------+---------+---+----+-----+------+-----+------+-------------+

    * FIFO: 
    N/A

    * Expression: 
    +--------------------+----------+----+---+----+------------+------------+
    |    Variable Name   | Operation| DSP| FF| LUT| Bitwidth P0| Bitwidth P1|
    +--------------------+----------+----+---+----+------------+------------+
    |add_ln434_fu_77_p2  |         +|   0|  0|  23|          16|          16|
    +--------------------+----------+----+---+----+------------+------------+
    |Total               |          |   0|  0|  23|          16|          16|
    +--------------------+----------+----+---+----+------------+------------+

    * Multiplexer: 
    +-----------+----+-----------+-----+-----------+
    |    Name   | LUT| Input Size| Bits| Total Bits|
    +-----------+----+-----------+-----+-----------+
    |ap_NS_fsm  |  14|          3|    1|          3|
    +-----------+----+-----------+-----+-----------+
    |Total      |  14|          3|    1|          3|
    +-----------+----+-----------+-----+-----------+

    * Register: 
    +-----------+----+----+-----+-----------+
    |    Name   | FF | LUT| Bits| Const Bits|
    +-----------+----+----+-----+-----------+
    |ap_CS_fsm  |   2|   0|    2|          0|
    |temp       |  16|   0|   16|          0|
    +-----------+----+----+-----+-----------+
    |Total      |  18|   0|   18|          0|
    +-----------+----+----+-----+-----------+



================================================================
== Interface
================================================================
* Summary: 
+-----------------------+-----+-----+--------------+--------------+--------------+
|       RTL Ports       | Dir | Bits|   Protocol   | Source Object|    C Type    |
+-----------------------+-----+-----+--------------+--------------+--------------+
|s_axi_control_AWVALID  |   in|    1|         s_axi|       control|        scalar|
|s_axi_control_AWREADY  |  out|    1|         s_axi|       control|        scalar|
|s_axi_control_AWADDR   |   in|    6|         s_axi|       control|        scalar|
|s_axi_control_WVALID   |   in|    1|         s_axi|       control|        scalar|
|s_axi_control_WREADY   |  out|    1|         s_axi|       control|        scalar|
|s_axi_control_WDATA    |   in|   32|         s_axi|       control|        scalar|
|s_axi_control_WSTRB    |   in|    4|         s_axi|       control|        scalar|
|s_axi_control_ARVALID  |   in|    1|         s_axi|       control|        scalar|
|s_axi_control_ARREADY  |  out|    1|         s_axi|       control|        scalar|
|s_axi_control_ARADDR   |   in|    6|         s_axi|       control|        scalar|
|s_axi_control_RVALID   |  out|    1|         s_axi|       control|        scalar|
|s_axi_control_RREADY   |   in|    1|         s_axi|       control|        scalar|
|s_axi_control_RDATA    |  out|   32|         s_axi|       control|        scalar|
|s_axi_control_RRESP    |  out|    2|         s_axi|       control|        scalar|
|s_axi_control_BVALID   |  out|    1|         s_axi|       control|        scalar|
|s_axi_control_BREADY   |   in|    1|         s_axi|       control|        scalar|
|s_axi_control_BRESP    |  out|    2|         s_axi|       control|        scalar|
|ap_clk                 |   in|    1|  ap_ctrl_none|           nco|  return value|
|ap_rst_n               |   in|    1|  ap_ctrl_none|           nco|  return value|
+-----------------------+-----+-----+--------------+--------------+--------------+

